\BOOKMARK [0][-]{chapter.1}{\376\377\000I\000n\000t\000r\000o\000d\000u\000c\000t\000i\000o\000n}{}% 1
\BOOKMARK [0][-]{chapter.1}{\376\377\000I\000n\000t\000r\000o\000d\000u\000c\000t\000i\000o\000n}{}% 2
\BOOKMARK [1][-]{section.1.1}{\376\377\000D\0003\000S\000,\000\040\000a\000\040\000l\000e\000a\000d\000e\000r\000\040\000i\000n\000\040\0003\000D\000\040\000C\000A\000D\000\040\000A\000n\000a\000l\000y\000t\000i\000c\000s}{chapter.1}% 3
\BOOKMARK [1][-]{section.1.2}{\376\377\0003\000D\000\040\000s\000i\000m\000i\000l\000a\000r\000i\000t\000y\000\040\000m\000o\000d\000e\000l}{chapter.1}% 4
\BOOKMARK [0][-]{chapter.2}{\376\377\000R\000e\000l\000a\000t\000e\000d\000\040\000w\000o\000r\000k}{}% 5
\BOOKMARK [1][-]{section.2.1}{\376\377\0003\000D\000\040\000U\000n\000d\000e\000r\000s\000t\000a\000n\000d\000i\000n\000g}{chapter.2}% 6
\BOOKMARK [1][-]{section.2.2}{\376\377\000C\000o\000n\000t\000r\000a\000s\000t\000i\000v\000e\000\040\000l\000e\000a\000r\000n\000i\000n\000g}{chapter.2}% 7
\BOOKMARK [0][-]{chapter.3}{\376\377\000M\000e\000t\000h\000o\000d}{}% 8
\BOOKMARK [1][-]{section.3.1}{\376\377\000L\000a\000b\000e\000l\000i\000n\000g\000\040\000a\000p\000p\000l\000i\000c\000a\000t\000i\000o\000n}{chapter.3}% 9
\BOOKMARK [1][-]{section.3.2}{\376\377\000T\000r\000i\000p\000l\000e\000t\000\040\000l\000o\000s\000s\000\040\000t\000r\000a\000i\000n\000i\000n\000g}{chapter.3}% 10
\BOOKMARK [1][-]{section.3.3}{\376\377\000T\000r\000i\000p\000l\000e\000t\000s\000\040\000g\000e\000n\000e\000r\000a\000t\000i\000o\000n}{chapter.3}% 11
\BOOKMARK [0][-]{chapter.4}{\376\377\000E\000x\000p\000e\000r\000i\000m\000e\000n\000t\000s}{}% 12
\BOOKMARK [1][-]{section.4.1}{\376\377\000T\000r\000a\000i\000n\000i\000n\000g\000\040\000s\000e\000t\000u\000p\000s}{chapter.4}% 13
\BOOKMARK [1][-]{section.4.2}{\376\377\000G\000r\000a\000p\000h\000-\000b\000a\000s\000e\000d\000\040\000m\000o\000d\000e\000l\000s}{chapter.4}% 14
\BOOKMARK [1][-]{section.4.3}{\376\377\000T\000r\000a\000n\000s\000f\000o\000r\000m\000e\000r\000-\000b\000a\000s\000e\000d\000\040\000m\000o\000d\000e\000l\000s}{chapter.4}% 15
\BOOKMARK [0][-]{chapter*.17}{\376\377\000C\000o\000n\000c\000l\000u\000s\000i\000o\000n}{}% 16
\BOOKMARK [0][-]{chapter.5}{\376\377\000A\000p\000p\000l\000i\000c\000a\000t\000i\000o\000n\000s\000\040\000a\000n\000d\000\040\000p\000e\000r\000s\000p\000e\000c\000t\000i\000v\000e\000s}{}% 17
\BOOKMARK [0][-]{chapter.5}{\376\377\000A\000p\000p\000l\000i\000c\000a\000t\000i\000o\000n\000s\000\040\000a\000n\000d\000\040\000p\000e\000r\000s\000p\000e\000c\000t\000i\000v\000e\000s}{}% 18
\BOOKMARK [1][-]{section.Alph0.1}{\376\377\000T\000r\000i\000p\000l\000e\000t\000s\000\040\000g\000e\000n\000e\000r\000a\000t\000i\000o\000n\000\040\000h\000e\000u\000r\000i\000s\000t\000i\000c\000s}{chapter.5}% 19
\BOOKMARK [2][-]{subsection.Alph0.1.1}{\376\377\000T\000r\000i\000p\000l\000e\000t\000s\000\040\000s\000e\000l\000e\000c\000t\000i\000o\000n}{section.Alph0.1}% 20
\BOOKMARK [2][-]{subsection.Alph0.1.2}{\376\377\000T\000r\000i\000p\000l\000e\000t\000s\000\040\000f\000i\000l\000t\000e\000r\000i\000n\000g}{section.Alph0.1}% 21
